<?xml version="1.0" encoding="UTF-8"?>
<testng-results ignored="0" total="1" passed="1" failed="0" skipped="0">
  <reporter-output>
  </reporter-output>
  <suite started-at="2022-03-16T04:17:22Z" name="Default suite" finished-at="2022-03-16T04:17:40Z" duration-ms="18165">
    <groups>
    </groups>
    <test started-at="2022-03-16T04:17:22Z" name="Default test" finished-at="2022-03-16T04:17:40Z" duration-ms="18165">
      <class name="com.falabella.testcases.LoginTest">
        <test-method signature="loginTest()[pri:0, instance:com.falabella.testcases.LoginTest@37e4d7bb]" started-at="2022-03-15T22:17:22Z" name="loginTest" finished-at="2022-03-15T22:17:40Z" duration-ms="18149" status="PASS">
          <reporter-output>
          </reporter-output>
        </test-method> <!-- loginTest -->
      </class> <!-- com.falabella.testcases.LoginTest -->
    </test> <!-- Default test -->
  </suite> <!-- Default suite -->
</testng-results>
